<?xml version="1.0" encoding="UTF-8"?>
<!-- Generated by org.testng.reporters.JUnitReportReporter -->
<testsuite skipped="0" hostname="LAPTOP-64VIIJ6M" name="samsungedge.SamsungEdge.Samsungedge" tests="1" failures="0" timestamp="08 Nov 2019 18:15:45 GMT" time="11.101" errors="0">
  <testcase name="testLaunchingBrowser" time="11.101" classname="samsungedge.SamsungEdge.Samsungedge"/>
</testsuite> <!-- samsungedge.SamsungEdge.Samsungedge -->
